[rosmaster.main][INFO] 2021-11-05 12:48:49,920: initialization complete, waiting for shutdown
[rosmaster.main][INFO] 2021-11-05 12:48:49,920: Starting ROS Master Node
[xmlrpc][INFO] 2021-11-05 12:48:49,922: XML-RPC server binding to 0.0.0.0:11311
[xmlrpc][INFO] 2021-11-05 12:48:49,923: Started XML-RPC server [http://raspberrypi:11311/]
[rosmaster.master][INFO] 2021-11-05 12:48:49,923: Master initialized: port[11311], uri[http://raspberrypi:11311/]
[xmlrpc][INFO] 2021-11-05 12:48:49,924: xml rpc node: starting XML-RPC server
[rosmaster.master][INFO] 2021-11-05 12:48:50,002: +PARAM [/run_id] by /roslaunch
[rosmaster.master][INFO] 2021-11-05 12:48:50,005: +PARAM [/roslaunch/uris/host_raspberrypi__40097] by /roslaunch
[rosmaster.master][INFO] 2021-11-05 12:48:50,087: +PARAM [/douro_river/starting_position_lon] by /roslaunch
[rosmaster.master][INFO] 2021-11-05 12:48:50,087: +PARAM [/rosdistro] by /roslaunch
[rosmaster.master][INFO] 2021-11-05 12:48:50,087: +PARAM [/douro_river/ocean_salinity] by /roslaunch
[rosmaster.master][INFO] 2021-11-05 12:48:50,088: +PARAM [/douro_river/max_depth] by /roslaunch
[rosmaster.master][INFO] 2021-11-05 12:48:50,088: +PARAM [/imc_bridge/bridge_addr] by /roslaunch
[rosmaster.master][INFO] 2021-11-05 12:48:50,088: +PARAM [/douro_river/popup_interval] by /roslaunch
[rosmaster.master][INFO] 2021-11-05 12:48:50,088: +PARAM [/douro_river/starting_position_lat] by /roslaunch
[rosmaster.master][INFO] 2021-11-05 12:48:50,089: +PARAM [/imc_bridge/bridge_port] by /roslaunch
[rosmaster.master][INFO] 2021-11-05 12:48:50,089: +PARAM [/rosversion] by /roslaunch
[rosmaster.master][INFO] 2021-11-05 12:48:50,089: +PARAM [/douro_river/desired_speed] by /roslaunch
[rosmaster.master][INFO] 2021-11-05 12:48:50,089: +PARAM [/douro_river/phone_number] by /roslaunch
[rosmaster.master][INFO] 2021-11-05 12:48:50,090: +PARAM [/douro_river/seconds_on_surface] by /roslaunch
[rosmaster.master][INFO] 2021-11-05 12:48:50,090: +PARAM [/douro_river/river_salinity] by /roslaunch
[rosmaster.master][INFO] 2021-11-05 12:48:50,090: +PARAM [/douro_river/mission_length] by /roslaunch
[rosmaster.master][INFO] 2021-11-05 12:48:50,090: +PARAM [/douro_river/iridium_destination] by /roslaunch
[rosmaster.master][INFO] 2021-11-05 12:48:50,502: +SERVICE [/rosout/get_loggers] /rosout http://raspberrypi:44379/
[rosmaster.master][INFO] 2021-11-05 12:48:50,504: +SERVICE [/rosout/set_logger_level] /rosout http://raspberrypi:44379/
[rosmaster.master][INFO] 2021-11-05 12:48:50,507: +PUB [/rosout_agg] /rosout http://raspberrypi:44379/
[rosmaster.master][INFO] 2021-11-05 12:48:50,514: +SUB [/rosout] /rosout http://raspberrypi:44379/
[rosmaster.master][INFO] 2021-11-05 12:48:51,006: +PUB [/rosout] /imc_bridge http://raspberrypi:38779/
[rosmaster.master][INFO] 2021-11-05 12:48:51,009: +SERVICE [/imc_bridge/get_loggers] /imc_bridge http://raspberrypi:38779/
[rosmaster.master][INFO] 2021-11-05 12:48:51,012: +SERVICE [/imc_bridge/set_logger_level] /imc_bridge http://raspberrypi:38779/
[rosmaster.master][INFO] 2021-11-05 12:48:51,024: publisherUpdate[/rosout] -> http://raspberrypi:44379/ ['http://raspberrypi:38779/']
[rosmaster.master][INFO] 2021-11-05 12:48:51,037: +CACHEDPARAM [/rosout_disable_topics_generation] by /imc_bridge
[rosmaster.master][INFO] 2021-11-05 12:48:51,039: publisherUpdate[/rosout] -> http://raspberrypi:44379/ ['http://raspberrypi:38779/']: sec=0.01, result=[1, '', 0]
[rosmaster.master][INFO] 2021-11-05 12:48:51,052: +SUB [/IMC/In/EntityList] /imc_bridge http://raspberrypi:38779/
[rosmaster.master][INFO] 2021-11-05 12:48:51,066: +SUB [/IMC/In/LogBookEntry] /imc_bridge http://raspberrypi:38779/
[rosmaster.master][INFO] 2021-11-05 12:48:51,078: +SUB [/IMC/In/Sms] /imc_bridge http://raspberrypi:38779/
[rosmaster.master][INFO] 2021-11-05 12:48:51,091: +SUB [/IMC/In/IridiumMsgTx] /imc_bridge http://raspberrypi:38779/
[rosmaster.master][INFO] 2021-11-05 12:48:51,103: +SUB [/IMC/In/FollowReference] /imc_bridge http://raspberrypi:38779/
[rosmaster.master][INFO] 2021-11-05 12:48:51,116: +SUB [/IMC/In/Reference] /imc_bridge http://raspberrypi:38779/
[rosmaster.master][INFO] 2021-11-05 12:48:51,129: +SUB [/IMC/In/ReportControl] /imc_bridge http://raspberrypi:38779/
[rosmaster.master][INFO] 2021-11-05 12:48:51,133: +PUB [/IMC/Out/EntityState] /imc_bridge http://raspberrypi:38779/
[rosmaster.master][INFO] 2021-11-05 12:48:51,138: +PUB [/IMC/Out/EntityList] /imc_bridge http://raspberrypi:38779/
[rosmaster.master][INFO] 2021-11-05 12:48:51,141: +PUB [/IMC/Out/Heartbeat] /imc_bridge http://raspberrypi:38779/
[rosmaster.master][INFO] 2021-11-05 12:48:51,145: +PUB [/IMC/Out/IridiumTxStatus] /imc_bridge http://raspberrypi:38779/
[rosmaster.master][INFO] 2021-11-05 12:48:51,149: +PUB [/IMC/Out/Temperature] /imc_bridge http://raspberrypi:38779/
[rosmaster.master][INFO] 2021-11-05 12:48:51,152: +PUB [/IMC/Out/Depth] /imc_bridge http://raspberrypi:38779/
[rosmaster.master][INFO] 2021-11-05 12:48:51,156: +PUB [/IMC/Out/Salinity] /imc_bridge http://raspberrypi:38779/
[rosmaster.master][INFO] 2021-11-05 12:48:51,159: +PUB [/IMC/Out/Chlorophyll] /imc_bridge http://raspberrypi:38779/
[rosmaster.master][INFO] 2021-11-05 12:48:51,162: +PUB [/IMC/Out/EstimatedState] /imc_bridge http://raspberrypi:38779/
[rosmaster.master][INFO] 2021-11-05 12:48:51,166: +PUB [/IMC/Out/FollowRefState] /imc_bridge http://raspberrypi:38779/
[rosmaster.master][INFO] 2021-11-05 12:48:51,169: +PUB [/IMC/Out/VehicleState] /imc_bridge http://raspberrypi:38779/
[rosmaster.master][INFO] 2021-11-05 12:48:51,172: +PUB [/IMC/Out/VehicleMedium] /imc_bridge http://raspberrypi:38779/
[rosmaster.master][INFO] 2021-11-05 12:48:51,175: +PUB [/IMC/Out/PlanControl] /imc_bridge http://raspberrypi:38779/
[rosmaster.master][INFO] 2021-11-05 12:48:51,178: +PUB [/IMC/Out/PlanControlState] /imc_bridge http://raspberrypi:38779/
[rosmaster.master][INFO] 2021-11-05 12:48:51,246: +CACHEDPARAM [/rosout/omit_topics] by /rosout
[rosmaster.master][INFO] 2021-11-05 12:48:58,912: +PUB [/rosout] /douro_river http://raspberrypi:37491/
[rosmaster.master][INFO] 2021-11-05 12:48:58,926: +SERVICE [/douro_river/get_loggers] /douro_river http://raspberrypi:37491/
[rosmaster.master][INFO] 2021-11-05 12:48:58,931: +SERVICE [/douro_river/set_logger_level] /douro_river http://raspberrypi:37491/
[rosmaster.master][INFO] 2021-11-05 12:48:58,939: publisherUpdate[/rosout] -> http://raspberrypi:44379/ ['http://raspberrypi:38779/', 'http://raspberrypi:37491/']
[rosmaster.master][INFO] 2021-11-05 12:48:58,945: publisherUpdate[/rosout] -> http://raspberrypi:44379/ ['http://raspberrypi:38779/', 'http://raspberrypi:37491/']: sec=0.00, result=[1, '', 0]
[rosmaster.master][INFO] 2021-11-05 12:48:58,964: +PUB [/IMC/In/Reference] /douro_river http://raspberrypi:37491/
[rosmaster.master][INFO] 2021-11-05 12:48:58,970: +PUB [/IMC/In/EntityList] /douro_river http://raspberrypi:37491/
[rosmaster.master][INFO] 2021-11-05 12:48:58,975: +PUB [/IMC/In/LogBookEntry] /douro_river http://raspberrypi:37491/
[rosmaster.master][INFO] 2021-11-05 12:48:58,980: +PUB [/IMC/In/Sms] /douro_river http://raspberrypi:37491/
[rosmaster.master][INFO] 2021-11-05 12:48:58,985: +PUB [/IMC/In/IridiumMsgTx] /douro_river http://raspberrypi:37491/
[rosmaster.master][INFO] 2021-11-05 12:48:58,991: +PUB [/IMC/In/ReportControl] /douro_river http://raspberrypi:37491/
[rosmaster.master][INFO] 2021-11-05 12:48:59,000: +SUB [/IMC/Out/EntityList] /douro_river http://raspberrypi:37491/
[rosmaster.master][INFO] 2021-11-05 12:48:59,009: +SUB [/IMC/Out/Heartbeat] /douro_river http://raspberrypi:37491/
[rosmaster.master][INFO] 2021-11-05 12:48:59,022: +SUB [/IMC/Out/Abort] /douro_river http://raspberrypi:37491/
[rosmaster.master][INFO] 2021-11-05 12:48:59,041: publisherUpdate[/IMC/In/Reference] -> http://raspberrypi:38779/ ['http://raspberrypi:37491/']
[rosmaster.master][INFO] 2021-11-05 12:48:59,043: +SUB [/IMC/Out/VehicleState] /douro_river http://raspberrypi:37491/
[rosmaster.master][INFO] 2021-11-05 12:48:59,051: publisherUpdate[/IMC/In/Reference] -> http://raspberrypi:38779/ ['http://raspberrypi:37491/']: sec=0.01, result=[1, '', 0]
[rosmaster.master][INFO] 2021-11-05 12:48:59,052: publisherUpdate[/IMC/In/EntityList] -> http://raspberrypi:38779/ ['http://raspberrypi:37491/']
[rosmaster.master][INFO] 2021-11-05 12:48:59,057: publisherUpdate[/IMC/In/EntityList] -> http://raspberrypi:38779/ ['http://raspberrypi:37491/']: sec=0.00, result=[1, '', 0]
[rosmaster.master][INFO] 2021-11-05 12:48:59,059: publisherUpdate[/IMC/In/LogBookEntry] -> http://raspberrypi:38779/ ['http://raspberrypi:37491/']
[rosmaster.master][INFO] 2021-11-05 12:48:59,063: publisherUpdate[/IMC/In/LogBookEntry] -> http://raspberrypi:38779/ ['http://raspberrypi:37491/']: sec=0.00, result=[1, '', 0]
[rosmaster.master][INFO] 2021-11-05 12:48:59,063: publisherUpdate[/IMC/In/Sms] -> http://raspberrypi:38779/ ['http://raspberrypi:37491/']
[rosmaster.master][INFO] 2021-11-05 12:48:59,067: publisherUpdate[/IMC/In/Sms] -> http://raspberrypi:38779/ ['http://raspberrypi:37491/']: sec=0.00, result=[1, '', 0]
[rosmaster.master][INFO] 2021-11-05 12:48:59,068: publisherUpdate[/IMC/In/IridiumMsgTx] -> http://raspberrypi:38779/ ['http://raspberrypi:37491/']
[rosmaster.master][INFO] 2021-11-05 12:48:59,071: +SUB [/IMC/Out/EstimatedState] /douro_river http://raspberrypi:37491/
[rosmaster.master][INFO] 2021-11-05 12:48:59,074: publisherUpdate[/IMC/In/IridiumMsgTx] -> http://raspberrypi:38779/ ['http://raspberrypi:37491/']: sec=0.00, result=[1, '', 0]
[rosmaster.master][INFO] 2021-11-05 12:48:59,075: publisherUpdate[/IMC/In/ReportControl] -> http://raspberrypi:38779/ ['http://raspberrypi:37491/']
[rosmaster.master][INFO] 2021-11-05 12:48:59,078: publisherUpdate[/IMC/In/ReportControl] -> http://raspberrypi:38779/ ['http://raspberrypi:37491/']: sec=0.00, result=[1, '', 0]
[rosmaster.master][INFO] 2021-11-05 12:48:59,086: +SUB [/IMC/Out/FollowRefState] /douro_river http://raspberrypi:37491/
[rosmaster.master][INFO] 2021-11-05 12:48:59,100: +SUB [/IMC/Out/PlanControl] /douro_river http://raspberrypi:37491/
[rosmaster.master][INFO] 2021-11-05 12:48:59,173: +SUB [/IMC/Out/Temperature] /douro_river http://raspberrypi:37491/
[rosmaster.master][INFO] 2021-11-05 12:48:59,203: +SUB [/IMC/Out/Salinity] /douro_river http://raspberrypi:37491/
[rosmaster.master][INFO] 2021-11-05 12:48:59,215: +PUB [/Vehicle/Out/Temperature_filtered] /douro_river http://raspberrypi:37491/
[rosmaster.master][INFO] 2021-11-05 12:48:59,228: +PUB [/Vehicle/Out/Salinity_filtered] /douro_river http://raspberrypi:37491/
[rosmaster.master][INFO] 2021-11-05 12:48:59,236: +PUB [/Vehicle/Out/EstimatedState_filtered] /douro_river http://raspberrypi:37491/
[rosmaster.master][INFO] 2021-11-05 12:48:59,248: +SUB [/Vehicle/In/Waypoint] /douro_river http://raspberrypi:37491/
[rosmaster.master][INFO] 2021-11-05 12:48:59,257: +SUB [/Vehicle/Out/Salinity_filtered] /douro_river http://raspberrypi:37491/
[rosmaster.master][INFO] 2021-11-05 12:48:59,267: +SUB [/Vehicle/Out/EstimatedState_filtered] /douro_river http://raspberrypi:37491/
[rosmaster.master][INFO] 2021-11-05 12:49:02,033: +CACHEDPARAM [/rosout_disable_topics_generation] by /douro_river
[rosmaster.master][INFO] 2021-11-05 12:49:02,037: +CACHEDPARAM [/rosout_disable_topics_generation] by /douro_river
[rosmaster.master][INFO] 2021-11-05 12:49:02,041: +CACHEDPARAM [/rosout_disable_topics_generation] by /douro_river
[rosmaster.master][INFO] 2021-11-05 12:55:07,116: +CACHEDPARAM [/rosout_disable_topics_generation] by /douro_river
[rosmaster.master][INFO] 2021-11-05 12:56:06,782: +CACHEDPARAM [/rosout_disable_topics_generation] by /douro_river
[rosmaster.master][INFO] 2021-11-05 12:56:06,789: +CACHEDPARAM [/rosout_disable_topics_generation] by /douro_river
[rosmaster.master][INFO] 2021-11-05 12:56:07,279: +CACHEDPARAM [/rosout_disable_topics_generation] by /douro_river
[rosmaster.master][INFO] 2021-11-05 12:56:07,782: +CACHEDPARAM [/rosout_disable_topics_generation] by /douro_river
[rosmaster.master][INFO] 2021-11-05 12:56:08,277: +CACHEDPARAM [/rosout_disable_topics_generation] by /douro_river
[rosmaster.master][INFO] 2021-11-05 12:56:08,780: +CACHEDPARAM [/rosout_disable_topics_generation] by /douro_river
[rosmaster.master][INFO] 2021-11-05 12:56:09,282: +CACHEDPARAM [/rosout_disable_topics_generation] by /douro_river
[rosmaster.master][INFO] 2021-11-05 12:56:09,781: +CACHEDPARAM [/rosout_disable_topics_generation] by /douro_river
[rosmaster.master][INFO] 2021-11-05 12:56:10,277: +CACHEDPARAM [/rosout_disable_topics_generation] by /douro_river
[rosmaster.master][INFO] 2021-11-05 12:56:10,781: +CACHEDPARAM [/rosout_disable_topics_generation] by /douro_river
[rosmaster.master][INFO] 2021-11-05 12:56:11,278: +CACHEDPARAM [/rosout_disable_topics_generation] by /douro_river
[rosmaster.master][INFO] 2021-11-05 12:56:11,781: +CACHEDPARAM [/rosout_disable_topics_generation] by /douro_river
[rosmaster.master][INFO] 2021-11-05 13:03:13,056: +CACHEDPARAM [/rosout_disable_topics_generation] by /douro_river
[rosmaster.master][INFO] 2021-11-05 13:11:23,055: +CACHEDPARAM [/rosout_disable_topics_generation] by /douro_river
[rosmaster.master][INFO] 2021-11-05 13:19:08,045: +CACHEDPARAM [/rosout_disable_topics_generation] by /douro_river
[rosmaster.master][INFO] 2021-11-05 13:26:56,045: +CACHEDPARAM [/rosout_disable_topics_generation] by /douro_river
[rosmaster.master][INFO] 2021-11-05 13:34:30,044: +CACHEDPARAM [/rosout_disable_topics_generation] by /douro_river
[rosmaster.master][INFO] 2021-11-05 13:35:48,366: +CACHEDPARAM [/rosout_disable_topics_generation] by /douro_river
[rosmaster.master][INFO] 2021-11-05 13:35:48,373: +CACHEDPARAM [/rosout_disable_topics_generation] by /douro_river
[rosmaster.master][INFO] 2021-11-05 13:35:48,863: +CACHEDPARAM [/rosout_disable_topics_generation] by /douro_river
[rosmaster.master][INFO] 2021-11-05 13:35:49,362: +CACHEDPARAM [/rosout_disable_topics_generation] by /douro_river
[rosmaster.master][INFO] 2021-11-05 13:35:49,865: +CACHEDPARAM [/rosout_disable_topics_generation] by /douro_river
[rosmaster.master][INFO] 2021-11-05 13:35:50,361: +CACHEDPARAM [/rosout_disable_topics_generation] by /douro_river
[rosmaster.master][INFO] 2021-11-05 13:35:50,863: +CACHEDPARAM [/rosout_disable_topics_generation] by /douro_river
[rosmaster.master][INFO] 2021-11-05 13:35:51,363: +CACHEDPARAM [/rosout_disable_topics_generation] by /douro_river
[rosmaster.master][INFO] 2021-11-05 13:35:51,864: +CACHEDPARAM [/rosout_disable_topics_generation] by /douro_river
[rosmaster.master][INFO] 2021-11-05 13:35:52,365: +CACHEDPARAM [/rosout_disable_topics_generation] by /douro_river
[rosmaster.master][INFO] 2021-11-05 13:35:52,863: +CACHEDPARAM [/rosout_disable_topics_generation] by /douro_river
[rosmaster.master][INFO] 2021-11-05 13:48:56,054: +CACHEDPARAM [/rosout_disable_topics_generation] by /douro_river
[rosmaster.master][INFO] 2021-11-05 13:53:34,401: +CACHEDPARAM [/rosout_disable_topics_generation] by /douro_river
[rosmaster.master][INFO] 2021-11-05 13:53:34,409: +CACHEDPARAM [/rosout_disable_topics_generation] by /douro_river
[rosmaster.master][INFO] 2021-11-05 13:53:34,903: +CACHEDPARAM [/rosout_disable_topics_generation] by /douro_river
[rosmaster.master][INFO] 2021-11-05 13:53:35,399: +CACHEDPARAM [/rosout_disable_topics_generation] by /douro_river
[rosmaster.master][INFO] 2021-11-05 13:53:35,902: +CACHEDPARAM [/rosout_disable_topics_generation] by /douro_river
[rosmaster.master][INFO] 2021-11-05 13:53:36,398: +CACHEDPARAM [/rosout_disable_topics_generation] by /douro_river
[rosmaster.master][INFO] 2021-11-05 13:53:36,901: +CACHEDPARAM [/rosout_disable_topics_generation] by /douro_river
[rosmaster.master][INFO] 2021-11-05 13:53:37,400: +CACHEDPARAM [/rosout_disable_topics_generation] by /douro_river
[rosmaster.master][INFO] 2021-11-05 13:53:37,899: +CACHEDPARAM [/rosout_disable_topics_generation] by /douro_river
[rosmaster.master][INFO] 2021-11-05 13:53:38,400: +CACHEDPARAM [/rosout_disable_topics_generation] by /douro_river
[rosmaster.master][INFO] 2021-11-05 13:53:38,902: +CACHEDPARAM [/rosout_disable_topics_generation] by /douro_river
[rosmaster.master][INFO] 2021-11-05 13:56:39,044: +CACHEDPARAM [/rosout_disable_topics_generation] by /douro_river
[rosmaster.master][INFO] 2021-11-05 14:04:20,045: +CACHEDPARAM [/rosout_disable_topics_generation] by /douro_river
[rosmaster.master][INFO] 2021-11-05 14:12:07,044: +CACHEDPARAM [/rosout_disable_topics_generation] by /douro_river
[rosmaster.master][INFO] 2021-11-05 14:19:47,044: +CACHEDPARAM [/rosout_disable_topics_generation] by /douro_river
[rosmaster.master][INFO] 2021-11-05 14:27:27,044: +CACHEDPARAM [/rosout_disable_topics_generation] by /douro_river
[rosmaster.master][INFO] 2021-11-05 14:35:16,044: +CACHEDPARAM [/rosout_disable_topics_generation] by /douro_river
[rosmaster.master][INFO] 2021-11-05 14:42:58,063: +CACHEDPARAM [/rosout_disable_topics_generation] by /douro_river
[rosmaster.master][INFO] 2021-11-05 14:50:53,065: +CACHEDPARAM [/rosout_disable_topics_generation] by /douro_river
[rosmaster.master][INFO] 2021-11-05 14:58:45,055: +CACHEDPARAM [/rosout_disable_topics_generation] by /douro_river
[rosmaster.master][INFO] 2021-11-05 14:59:52,541: +CACHEDPARAM [/rosout_disable_topics_generation] by /douro_river
[rosmaster.master][INFO] 2021-11-05 14:59:52,549: +CACHEDPARAM [/rosout_disable_topics_generation] by /douro_river
[rosmaster.master][INFO] 2021-11-05 14:59:53,038: +CACHEDPARAM [/rosout_disable_topics_generation] by /douro_river
[rosmaster.master][INFO] 2021-11-05 14:59:53,540: +CACHEDPARAM [/rosout_disable_topics_generation] by /douro_river
[rosmaster.master][INFO] 2021-11-05 14:59:54,041: +CACHEDPARAM [/rosout_disable_topics_generation] by /douro_river
[rosmaster.master][INFO] 2021-11-05 14:59:54,538: +CACHEDPARAM [/rosout_disable_topics_generation] by /douro_river
[rosmaster.master][INFO] 2021-11-05 14:59:55,041: +CACHEDPARAM [/rosout_disable_topics_generation] by /douro_river
[rosmaster.master][INFO] 2021-11-05 14:59:55,538: +CACHEDPARAM [/rosout_disable_topics_generation] by /douro_river
[rosmaster.master][INFO] 2021-11-05 14:59:56,040: +CACHEDPARAM [/rosout_disable_topics_generation] by /douro_river
[rosmaster.master][INFO] 2021-11-05 14:59:56,539: +CACHEDPARAM [/rosout_disable_topics_generation] by /douro_river
[rosmaster.master][INFO] 2021-11-05 14:59:57,042: +CACHEDPARAM [/rosout_disable_topics_generation] by /douro_river
[rosmaster.master][INFO] 2021-11-05 15:11:58,565: +CACHEDPARAM [/rosout_disable_topics_generation] by /douro_river
[rosmaster.master][INFO] 2021-11-05 15:11:58,573: +CACHEDPARAM [/rosout_disable_topics_generation] by /douro_river
